<?xml version="1.0" encoding="UTF-8"?>
<!-- Generated by org.testng.reporters.JUnitReportReporter -->
<testsuite hostname="VARGHESE" failures="0" tests="2" name="com.providernsa.tests.TC_003_ValidateTokenWithClientAndParent" time="4.837" errors="0" timestamp="2023-02-10T18:27:22 IST" skipped="0">
  <testcase classname="com.providernsa.tests.TC_003_ValidateTokenWithClientAndParent" name="validateTokenWithChild" time="3.262"/>
  <system-out/>
  <testcase classname="com.providernsa.tests.TC_003_ValidateTokenWithClientAndParent" name="validateTokenWithClient" time="1.575"/>
  <system-out/>
</testsuite> <!-- com.providernsa.tests.TC_003_ValidateTokenWithClientAndParent -->
