<?xml version="1.0" encoding="UTF-8"?>
<!-- Generated by org.testng.reporters.JUnitReportReporter -->
<testsuite hostname="VARGHESE" failures="0" tests="1" name="com.providernsa.tests.TC_002_VerifyToken" time="2.861" errors="0" timestamp="2023-02-10T18:28:00 IST" skipped="0">
  <testcase classname="com.providernsa.tests.TC_002_VerifyToken" name="tokenExpiry" time="2.861"/>
  <system-out/>
</testsuite> <!-- com.providernsa.tests.TC_002_VerifyToken -->
