<?xml version="1.0" encoding="UTF-8"?>
<!-- Generated by org.testng.reporters.JUnitReportReporter -->
<testsuite hostname="VARGHESE" failures="0" tests="1" name="com.providernsa.tests.TC_001_GetToken" time="3.037" errors="0" timestamp="2023-02-10T18:27:40 IST" skipped="0">
  <testcase classname="com.providernsa.tests.TC_001_GetToken" name="getToken" time="3.037"/>
  <system-out/>
</testsuite> <!-- com.providernsa.tests.TC_001_GetToken -->
